Puzzle is solvable!
Solved in 20 moves!
0 7 6 
5 2 4 
1 3 8 

Move left
7 0 6 
5 2 4 
1 3 8 

Move up
7 2 6 
5 0 4 
1 3 8 

Move up
7 2 6 
5 3 4 
1 0 8 

Move right
7 2 6 
5 3 4 
0 1 8 

Move down
7 2 6 
0 3 4 
5 1 8 

Move down
0 2 6 
7 3 4 
5 1 8 

Move left
2 0 6 
7 3 4 
5 1 8 

Move up
2 3 6 
7 0 4 
5 1 8 

Move up
2 3 6 
7 1 4 
5 0 8 

Move right
2 3 6 
7 1 4 
0 5 8 

Move down
2 3 6 
0 1 4 
7 5 8 

Move left
2 3 6 
1 0 4 
7 5 8 

Move left
2 3 6 
1 4 0 
7 5 8 

Move down
2 3 0 
1 4 6 
7 5 8 

Move right
2 0 3 
1 4 6 
7 5 8 

Move right
0 2 3 
1 4 6 
7 5 8 

Move up
1 2 3 
0 4 6 
7 5 8 

Move left
1 2 3 
4 0 6 
7 5 8 

Move up
1 2 3 
4 5 6 
7 0 8 

Move left
1 2 3 
4 5 6 
7 8 0 

